[[[系统日志]]]
[2021/06/29 09:42:27.1616]
[线程：1]
NeuCharFramework 系统启动

[[[自动注册扩展缓存完成]]]
[2021/06/29 09:42:27.1647]
[线程：1]
注册总用时：0.0023ms
自动扫描程序集：0个
扩展缓存：

[[[微信扩展缓存注册完成]]]
[2021/06/29 09:42:27.2375]
[线程：1]
微信扩展缓存注册总用时：0.0656ms
扩展缓存：Senparc.Weixin.Cache.LocalContainerCacheStrategy

[[[监测到 ApplyAllAutoConfigurationMapping 执行]]]
[2021/06/29 09:42:27.8569]
[线程：1]
Senparc.Core.Models.AdminUserInfoConfigurationMapping

[[[监测到 ApplyAllAutoConfigurationMapping 执行]]]
[2021/06/29 09:42:27.8639]
[线程：1]
Senparc.Core.Models.FeedbackConfigurationMapping

[[[监测到 ApplyAllAutoConfigurationMapping 执行]]]
[2021/06/29 09:42:27.8645]
[线程：1]
Senparc.Ncf.Core.Models.DataBaseModel.BlankEntityTypeConfiguration`1[[Senparc.Ncf.Core.Models.DataBaseModel.SysButton, Senparc.Ncf.Core, Version=0.6.128.0, Culture=neutral, PublicKeyToken=null]]

[[[监测到 ApplyAllAutoConfigurationMapping 执行]]]
[2021/06/29 09:42:27.8650]
[线程：1]
Senparc.Ncf.Core.Models.DataBaseModel.BlankEntityTypeConfiguration`1[[Senparc.Ncf.Core.Models.SystemConfig, Senparc.Ncf.Core, Version=0.6.128.0, Culture=neutral, PublicKeyToken=null]]

[[[监测到 ApplyAllAutoConfigurationMapping 执行]]]
[2021/06/29 09:42:27.8653]
[线程：1]
Senparc.Ncf.Core.Models.DataBaseModel.BlankEntityTypeConfiguration`1[[Senparc.Core.Models.FeedBack, Senparc.Core, Version=1.0.0.0, Culture=neutral, PublicKeyToken=null]]

[[[监测到 ApplyAllAutoConfigurationMapping 执行]]]
[2021/06/29 09:42:27.8654]
[线程：1]
Senparc.Ncf.Core.Models.DataBaseModel.BlankEntityTypeConfiguration`1[[Senparc.Ncf.Core.Models.Account, Senparc.Ncf.Core, Version=0.6.128.0, Culture=neutral, PublicKeyToken=null]]

[[[监测到 ApplyAllAutoConfigurationMapping 执行]]]
[2021/06/29 09:42:27.8656]
[线程：1]
Senparc.Ncf.Core.Models.DataBaseModel.BlankEntityTypeConfiguration`1[[Senparc.Ncf.Core.Models.PointsLog, Senparc.Ncf.Core, Version=0.6.128.0, Culture=neutral, PublicKeyToken=null]]

[[[监测到 ApplyAllAutoConfigurationMapping 执行]]]
[2021/06/29 09:42:27.8658]
[线程：1]
Senparc.Ncf.Core.Models.DataBaseModel.BlankEntityTypeConfiguration`1[[Senparc.Ncf.Core.Models.DataBaseModel.SysMenu, Senparc.Ncf.Core, Version=0.6.128.0, Culture=neutral, PublicKeyToken=null]]

[[[监测到 ApplyAllAutoConfigurationMapping 执行]]]
[2021/06/29 09:42:27.8660]
[线程：1]
Senparc.Ncf.Core.Models.DataBaseModel.BlankEntityTypeConfiguration`1[[Senparc.Ncf.Core.Models.DataBaseModel.TenantInfo, Senparc.Ncf.Core, Version=0.6.128.0, Culture=neutral, PublicKeyToken=null]]

[[[监测到 ApplyAllAutoConfigurationMapping 执行]]]
[2021/06/29 09:42:27.8662]
[线程：1]
Senparc.Ncf.Core.Models.DataBaseModel.BlankEntityTypeConfiguration`1[[Senparc.Ncf.Core.Models.DataBaseModel.SysRoleAdminUserInfo, Senparc.Ncf.Core, Version=0.6.128.0, Culture=neutral, PublicKeyToken=null]]

[[[监测到 ApplyAllAutoConfigurationMapping 执行]]]
[2021/06/29 09:42:27.8663]
[线程：1]
Senparc.Ncf.Core.Models.DataBaseModel.BlankEntityTypeConfiguration`1[[Senparc.Ncf.Core.Models.DataBaseModel.XncfModule, Senparc.Ncf.Core, Version=0.6.128.0, Culture=neutral, PublicKeyToken=null]]

[[[监测到 ApplyAllAutoConfigurationMapping 执行]]]
[2021/06/29 09:42:27.8664]
[线程：1]
Senparc.Ncf.Core.Models.DataBaseModel.BlankEntityTypeConfiguration`1[[Senparc.Ncf.Core.Models.AccountPayLog, Senparc.Ncf.Core, Version=0.6.128.0, Culture=neutral, PublicKeyToken=null]]

[[[监测到 ApplyAllAutoConfigurationMapping 执行]]]
[2021/06/29 09:42:27.8666]
[线程：1]
Senparc.Ncf.Core.Models.DataBaseModel.BlankEntityTypeConfiguration`1[[Senparc.Ncf.Core.Models.DataBaseModel.SysRole, Senparc.Ncf.Core, Version=0.6.128.0, Culture=neutral, PublicKeyToken=null]]

[[[监测到 ApplyAllAutoConfigurationMapping 执行]]]
[2021/06/29 09:42:27.8667]
[线程：1]
Senparc.Ncf.Core.Models.DataBaseModel.BlankEntityTypeConfiguration`1[[Senparc.Core.Models.AdminUserInfo, Senparc.Core, Version=1.0.0.0, Culture=neutral, PublicKeyToken=null]]

[[[监测到 ApplyAllAutoConfigurationMapping 执行]]]
[2021/06/29 09:42:27.8667]
[线程：1]
Senparc.Ncf.Core.Models.DataBaseModel.BlankEntityTypeConfiguration`1[[Senparc.Ncf.Core.Models.DataBaseModel.SysPermission, Senparc.Ncf.Core, Version=0.6.128.0, Culture=neutral, PublicKeyToken=null]]

[[[监测到 ApplyAllAutoConfigurationMapping 执行]]]
[2021/06/29 09:42:27.8669]
[线程：1]
Senparc.Ncf.Core.Models.DataBaseModel.BlankEntityTypeConfiguration`1[[Senparc.Xncf.DatabaseToolkit.DbConfig, Senparc.Xncf.DatabaseToolkit, Version=0.10.128.0, Culture=neutral, PublicKeyToken=null]]

[[[监测到 ApplyAllAutoConfigurationMapping 执行]]]
[2021/06/29 09:42:27.8690]
[线程：1]
Senparc.Ncf.Core.Models.DataBaseModel.BlankEntityTypeConfiguration`1[[Senparc.Xncf.WeixinManager.Models.UserTag_WeixinUser, Senparc.Xncf.WeixinManager, Version=0.6.362.0, Culture=neutral, PublicKeyToken=null]]

[[[监测到 ApplyAllAutoConfigurationMapping 执行]]]
[2021/06/29 09:42:27.8692]
[线程：1]
Senparc.Ncf.Core.Models.DataBaseModel.BlankEntityTypeConfiguration`1[[Senparc.Xncf.WeixinManager.Models.MpAccount, Senparc.Xncf.WeixinManager, Version=0.6.362.0, Culture=neutral, PublicKeyToken=null]]

[[[监测到 ApplyAllAutoConfigurationMapping 执行]]]
[2021/06/29 09:42:27.8693]
[线程：1]
Senparc.Ncf.Core.Models.DataBaseModel.BlankEntityTypeConfiguration`1[[Senparc.Xncf.WeixinManager.Models.WeixinUser, Senparc.Xncf.WeixinManager, Version=0.6.362.0, Culture=neutral, PublicKeyToken=null]]

[[[监测到 ApplyAllAutoConfigurationMapping 执行]]]
[2021/06/29 09:42:27.8693]
[线程：1]
Senparc.Ncf.Core.Models.DataBaseModel.BlankEntityTypeConfiguration`1[[Senparc.Xncf.WeixinManager.Models.UserTag, Senparc.Xncf.WeixinManager, Version=0.6.362.0, Culture=neutral, PublicKeyToken=null]]

[[[监测到 ApplyAllAutoConfigurationMapping 执行]]]
[2021/06/29 09:42:27.8694]
[线程：1]
Senparc.Ncf.Core.Models.DataBaseModel.BlankEntityTypeConfiguration`1[[Senparc.Xncf.XncfBuilder.Config, Senparc.Xncf.XncfBuilder, Version=0.8.128.0, Culture=neutral, PublicKeyToken=null]]

[[[SenparcEntities 数据库实体注入]]]
[2021/06/29 09:42:27.8748]
[线程：1]
耗时：26.3877ms

[[[BaseException]]]
[2021/06/29 09:42:27.9097]
[线程：1]
	NcfUninstallException
	Message：TriedMatching 为 false，推测系统未进行安装
	StackTrace：

[[[Senparc.Xncf.WeixinManager 搜索 MessageHandler]]]
[2021/06/29 09:42:28.0788]
[线程：1]
搜索到 0 个

[[[微信扩展缓存注册完成]]]
[2021/06/29 09:42:28.1638]
[线程：1]
微信扩展缓存注册总用时：0.0123ms
扩展缓存：Senparc.Weixin.Cache.LocalContainerCacheStrategy

[[[监测到 ApplyAllAutoConfigurationMapping 执行]]]
[2021/06/29 09:42:30.3797]
[线程：10]
Senparc.Core.Models.AdminUserInfoConfigurationMapping

[[[监测到 ApplyAllAutoConfigurationMapping 执行]]]
[2021/06/29 09:42:30.3798]
[线程：10]
Senparc.Core.Models.FeedbackConfigurationMapping

[[[监测到 ApplyAllAutoConfigurationMapping 执行]]]
[2021/06/29 09:42:30.3799]
[线程：10]
Senparc.Ncf.Core.Models.DataBaseModel.BlankEntityTypeConfiguration`1[[Senparc.Ncf.Core.Models.DataBaseModel.SysButton, Senparc.Ncf.Core, Version=0.6.128.0, Culture=neutral, PublicKeyToken=null]]

[[[监测到 ApplyAllAutoConfigurationMapping 执行]]]
[2021/06/29 09:42:30.3799]
[线程：10]
Senparc.Ncf.Core.Models.DataBaseModel.BlankEntityTypeConfiguration`1[[Senparc.Ncf.Core.Models.SystemConfig, Senparc.Ncf.Core, Version=0.6.128.0, Culture=neutral, PublicKeyToken=null]]

[[[监测到 ApplyAllAutoConfigurationMapping 执行]]]
[2021/06/29 09:42:30.3799]
[线程：10]
Senparc.Ncf.Core.Models.DataBaseModel.BlankEntityTypeConfiguration`1[[Senparc.Core.Models.FeedBack, Senparc.Core, Version=1.0.0.0, Culture=neutral, PublicKeyToken=null]]

[[[监测到 ApplyAllAutoConfigurationMapping 执行]]]
[2021/06/29 09:42:30.3799]
[线程：10]
Senparc.Ncf.Core.Models.DataBaseModel.BlankEntityTypeConfiguration`1[[Senparc.Ncf.Core.Models.Account, Senparc.Ncf.Core, Version=0.6.128.0, Culture=neutral, PublicKeyToken=null]]

[[[监测到 ApplyAllAutoConfigurationMapping 执行]]]
[2021/06/29 09:42:30.3799]
[线程：10]
Senparc.Ncf.Core.Models.DataBaseModel.BlankEntityTypeConfiguration`1[[Senparc.Ncf.Core.Models.PointsLog, Senparc.Ncf.Core, Version=0.6.128.0, Culture=neutral, PublicKeyToken=null]]

[[[监测到 ApplyAllAutoConfigurationMapping 执行]]]
[2021/06/29 09:42:30.3800]
[线程：10]
Senparc.Ncf.Core.Models.DataBaseModel.BlankEntityTypeConfiguration`1[[Senparc.Ncf.Core.Models.DataBaseModel.SysMenu, Senparc.Ncf.Core, Version=0.6.128.0, Culture=neutral, PublicKeyToken=null]]

[[[监测到 ApplyAllAutoConfigurationMapping 执行]]]
[2021/06/29 09:42:30.3800]
[线程：10]
Senparc.Ncf.Core.Models.DataBaseModel.BlankEntityTypeConfiguration`1[[Senparc.Ncf.Core.Models.DataBaseModel.TenantInfo, Senparc.Ncf.Core, Version=0.6.128.0, Culture=neutral, PublicKeyToken=null]]

[[[监测到 ApplyAllAutoConfigurationMapping 执行]]]
[2021/06/29 09:42:30.3800]
[线程：10]
Senparc.Ncf.Core.Models.DataBaseModel.BlankEntityTypeConfiguration`1[[Senparc.Ncf.Core.Models.DataBaseModel.SysRoleAdminUserInfo, Senparc.Ncf.Core, Version=0.6.128.0, Culture=neutral, PublicKeyToken=null]]

[[[监测到 ApplyAllAutoConfigurationMapping 执行]]]
[2021/06/29 09:42:30.3800]
[线程：10]
Senparc.Ncf.Core.Models.DataBaseModel.BlankEntityTypeConfiguration`1[[Senparc.Ncf.Core.Models.DataBaseModel.XncfModule, Senparc.Ncf.Core, Version=0.6.128.0, Culture=neutral, PublicKeyToken=null]]

[[[监测到 ApplyAllAutoConfigurationMapping 执行]]]
[2021/06/29 09:42:30.3800]
[线程：10]
Senparc.Ncf.Core.Models.DataBaseModel.BlankEntityTypeConfiguration`1[[Senparc.Ncf.Core.Models.AccountPayLog, Senparc.Ncf.Core, Version=0.6.128.0, Culture=neutral, PublicKeyToken=null]]

[[[监测到 ApplyAllAutoConfigurationMapping 执行]]]
[2021/06/29 09:42:30.3800]
[线程：10]
Senparc.Ncf.Core.Models.DataBaseModel.BlankEntityTypeConfiguration`1[[Senparc.Ncf.Core.Models.DataBaseModel.SysRole, Senparc.Ncf.Core, Version=0.6.128.0, Culture=neutral, PublicKeyToken=null]]

[[[监测到 ApplyAllAutoConfigurationMapping 执行]]]
[2021/06/29 09:42:30.3800]
[线程：10]
Senparc.Ncf.Core.Models.DataBaseModel.BlankEntityTypeConfiguration`1[[Senparc.Core.Models.AdminUserInfo, Senparc.Core, Version=1.0.0.0, Culture=neutral, PublicKeyToken=null]]

[[[监测到 ApplyAllAutoConfigurationMapping 执行]]]
[2021/06/29 09:42:30.3800]
[线程：10]
Senparc.Ncf.Core.Models.DataBaseModel.BlankEntityTypeConfiguration`1[[Senparc.Ncf.Core.Models.DataBaseModel.SysPermission, Senparc.Ncf.Core, Version=0.6.128.0, Culture=neutral, PublicKeyToken=null]]

[[[监测到 ApplyAllAutoConfigurationMapping 执行]]]
[2021/06/29 09:42:30.3801]
[线程：10]
Senparc.Ncf.Core.Models.DataBaseModel.BlankEntityTypeConfiguration`1[[Senparc.Xncf.DatabaseToolkit.DbConfig, Senparc.Xncf.DatabaseToolkit, Version=0.10.128.0, Culture=neutral, PublicKeyToken=null]]

[[[监测到 ApplyAllAutoConfigurationMapping 执行]]]
[2021/06/29 09:42:30.3811]
[线程：10]
Senparc.Ncf.Core.Models.DataBaseModel.BlankEntityTypeConfiguration`1[[Senparc.Xncf.WeixinManager.Models.UserTag_WeixinUser, Senparc.Xncf.WeixinManager, Version=0.6.362.0, Culture=neutral, PublicKeyToken=null]]

[[[监测到 ApplyAllAutoConfigurationMapping 执行]]]
[2021/06/29 09:42:30.3812]
[线程：10]
Senparc.Ncf.Core.Models.DataBaseModel.BlankEntityTypeConfiguration`1[[Senparc.Xncf.WeixinManager.Models.MpAccount, Senparc.Xncf.WeixinManager, Version=0.6.362.0, Culture=neutral, PublicKeyToken=null]]

[[[监测到 ApplyAllAutoConfigurationMapping 执行]]]
[2021/06/29 09:42:30.3812]
[线程：10]
Senparc.Ncf.Core.Models.DataBaseModel.BlankEntityTypeConfiguration`1[[Senparc.Xncf.WeixinManager.Models.WeixinUser, Senparc.Xncf.WeixinManager, Version=0.6.362.0, Culture=neutral, PublicKeyToken=null]]

[[[监测到 ApplyAllAutoConfigurationMapping 执行]]]
[2021/06/29 09:42:30.3812]
[线程：10]
Senparc.Ncf.Core.Models.DataBaseModel.BlankEntityTypeConfiguration`1[[Senparc.Xncf.WeixinManager.Models.UserTag, Senparc.Xncf.WeixinManager, Version=0.6.362.0, Culture=neutral, PublicKeyToken=null]]

[[[监测到 ApplyAllAutoConfigurationMapping 执行]]]
[2021/06/29 09:42:30.3812]
[线程：10]
Senparc.Ncf.Core.Models.DataBaseModel.BlankEntityTypeConfiguration`1[[Senparc.Xncf.XncfBuilder.Config, Senparc.Xncf.XncfBuilder, Version=0.8.128.0, Culture=neutral, PublicKeyToken=null]]

[[[SenparcEntities 数据库实体注入]]]
[2021/06/29 09:42:30.3824]
[线程：10]
耗时：2.8623ms

